2023-10-26T09:05:03.463+05:30  INFO 3024 --- [main] com.merc.demo.App                        : Starting App using Java 17.0.3 with PID 3024 (D:\VamanPro\Codes\merc\merc-java-ws\merc-springboot-demo\target\classes started by DELL in D:\VamanPro\Codes\merc\merc-java-ws\merc-springboot-demo)
2023-10-26T09:05:03.465+05:30  INFO 3024 --- [main] com.merc.demo.App                        : No active profile set, falling back to 1 default profile: "default"
2023-10-26T09:05:04.662+05:30  INFO 3024 --- [main] o.s.b.w.embedded.tomcat.TomcatWebServer  : Tomcat initialized with port(s): 8080 (http)
2023-10-26T09:05:04.671+05:30  INFO 3024 --- [main] o.apache.catalina.core.StandardService   : Starting service [Tomcat]
2023-10-26T09:05:04.671+05:30  INFO 3024 --- [main] o.apache.catalina.core.StandardEngine    : Starting Servlet engine: [Apache Tomcat/10.1.15]
2023-10-26T09:05:04.803+05:30  INFO 3024 --- [main] o.a.c.c.C.[Tomcat].[localhost].[/]       : Initializing Spring embedded WebApplicationContext
2023-10-26T09:05:04.804+05:30  INFO 3024 --- [main] w.s.c.ServletWebServerApplicationContext : Root WebApplicationContext: initialization completed in 1278 ms
2023-10-26T09:05:05.259+05:30  INFO 3024 --- [main] o.s.b.w.embedded.tomcat.TomcatWebServer  : Tomcat started on port(s): 8080 (http) with context path ''
2023-10-26T09:05:05.269+05:30  INFO 3024 --- [main] com.merc.demo.App                        : Started App in 2.234 seconds (process running for 2.606)
2023-10-26T09:11:28.658+05:30  INFO 21760 --- [main] com.merc.demo.App                        : Starting App using Java 17.0.3 with PID 21760 (D:\VamanPro\Codes\merc\merc-java-ws\merc-springboot-demo\target\classes started by DELL in D:\VamanPro\Codes\merc\merc-java-ws\merc-springboot-demo)
2023-10-26T09:11:28.665+05:30  INFO 21760 --- [main] com.merc.demo.App                        : No active profile set, falling back to 1 default profile: "default"
2023-10-26T09:11:30.183+05:30  INFO 21760 --- [main] o.s.b.w.embedded.tomcat.TomcatWebServer  : Tomcat initialized with port(s): 8080 (http)
2023-10-26T09:11:30.203+05:30  INFO 21760 --- [main] o.apache.catalina.core.StandardService   : Starting service [Tomcat]
2023-10-26T09:11:30.204+05:30  INFO 21760 --- [main] o.apache.catalina.core.StandardEngine    : Starting Servlet engine: [Apache Tomcat/10.1.15]
2023-10-26T09:11:30.353+05:30  INFO 21760 --- [main] o.a.c.c.C.[Tomcat].[localhost].[/]       : Initializing Spring embedded WebApplicationContext
2023-10-26T09:11:30.353+05:30  INFO 21760 --- [main] w.s.c.ServletWebServerApplicationContext : Root WebApplicationContext: initialization completed in 1597 ms
2023-10-26T09:11:30.871+05:30  WARN 21760 --- [main] ConfigServletWebServerApplicationContext : Exception encountered during context initialization - cancelling refresh attempt: org.springframework.context.ApplicationContextException: Failed to start bean 'webServerStartStop'
2023-10-26T09:11:30.884+05:30  INFO 21760 --- [main] o.apache.catalina.core.StandardService   : Stopping service [Tomcat]
2023-10-26T09:11:30.904+05:30  INFO 21760 --- [main] .s.b.a.l.ConditionEvaluationReportLogger : 

Error starting ApplicationContext. To display the condition evaluation report re-run your application with 'debug' enabled.
2023-10-26T09:11:30.938+05:30 ERROR 21760 --- [main] o.s.b.d.LoggingFailureAnalysisReporter   : 

***************************
APPLICATION FAILED TO START
***************************

Description:

Web server failed to start. Port 8080 was already in use.

Action:

Identify and stop the process that's listening on port 8080 or configure this application to listen on another port.

2023-10-26T09:12:11.115+05:30  INFO 4356 --- [main] com.merc.demo.App                        : Starting App using Java 17.0.3 with PID 4356 (D:\VamanPro\Codes\merc\merc-java-ws\merc-springboot-demo\target\classes started by DELL in D:\VamanPro\Codes\merc\merc-java-ws\merc-springboot-demo)
2023-10-26T09:12:11.119+05:30  INFO 4356 --- [main] com.merc.demo.App                        : No active profile set, falling back to 1 default profile: "default"
2023-10-26T09:12:12.551+05:30  INFO 4356 --- [main] o.s.b.w.embedded.tomcat.TomcatWebServer  : Tomcat initialized with port(s): 8090 (http)
2023-10-26T09:12:12.566+05:30  INFO 4356 --- [main] o.apache.catalina.core.StandardService   : Starting service [Tomcat]
2023-10-26T09:12:12.567+05:30  INFO 4356 --- [main] o.apache.catalina.core.StandardEngine    : Starting Servlet engine: [Apache Tomcat/10.1.15]
2023-10-26T09:12:12.721+05:30  INFO 4356 --- [main] o.a.c.c.C.[Tomcat].[localhost].[/]       : Initializing Spring embedded WebApplicationContext
2023-10-26T09:12:12.721+05:30  INFO 4356 --- [main] w.s.c.ServletWebServerApplicationContext : Root WebApplicationContext: initialization completed in 1515 ms
2023-10-26T09:12:13.300+05:30  INFO 4356 --- [main] o.s.b.w.embedded.tomcat.TomcatWebServer  : Tomcat started on port(s): 8090 (http) with context path ''
2023-10-26T09:12:13.316+05:30  INFO 4356 --- [main] com.merc.demo.App                        : Started App in 2.839 seconds (process running for 3.455)
2023-10-26T09:12:28.255+05:30  INFO 4356 --- [http-nio-8090-exec-1] o.a.c.c.C.[Tomcat].[localhost].[/]       : Initializing Spring DispatcherServlet 'dispatcherServlet'
2023-10-26T09:12:28.256+05:30  INFO 4356 --- [http-nio-8090-exec-1] o.s.web.servlet.DispatcherServlet        : Initializing Servlet 'dispatcherServlet'
2023-10-26T09:12:28.257+05:30  INFO 4356 --- [http-nio-8090-exec-1] o.s.web.servlet.DispatcherServlet        : Completed initialization in 1 ms
2023-10-26T09:12:28.291+05:30  INFO 4356 --- [http-nio-8090-exec-1] com.merc.demo.service.EmployeeService    : 101
2023-10-26T09:13:20.174+05:30  INFO 22448 --- [main] com.merc.demo.App                        : Starting App using Java 17.0.3 with PID 22448 (D:\VamanPro\Codes\merc\merc-java-ws\merc-springboot-demo\target\classes started by DELL in D:\VamanPro\Codes\merc\merc-java-ws\merc-springboot-demo)
2023-10-26T09:13:20.179+05:30  INFO 22448 --- [main] com.merc.demo.App                        : No active profile set, falling back to 1 default profile: "default"
2023-10-26T09:13:21.629+05:30  INFO 22448 --- [main] o.s.b.w.embedded.tomcat.TomcatWebServer  : Tomcat initialized with port(s): 8090 (http)
2023-10-26T09:13:21.648+05:30  INFO 22448 --- [main] o.apache.catalina.core.StandardService   : Starting service [Tomcat]
2023-10-26T09:13:21.649+05:30  INFO 22448 --- [main] o.apache.catalina.core.StandardEngine    : Starting Servlet engine: [Apache Tomcat/10.1.15]
2023-10-26T09:13:21.796+05:30  INFO 22448 --- [main] o.a.c.c.C.[Tomcat].[localhost].[/]       : Initializing Spring embedded WebApplicationContext
2023-10-26T09:13:21.796+05:30  INFO 22448 --- [main] w.s.c.ServletWebServerApplicationContext : Root WebApplicationContext: initialization completed in 1527 ms
2023-10-26T09:13:22.325+05:30  INFO 22448 --- [main] o.s.b.w.embedded.tomcat.TomcatWebServer  : Tomcat started on port(s): 8090 (http) with context path ''
2023-10-26T09:13:22.338+05:30  INFO 22448 --- [main] com.merc.demo.App                        : Started App in 2.843 seconds (process running for 3.5)
2023-10-26T09:13:35.896+05:30  INFO 22448 --- [http-nio-8090-exec-1] o.a.c.c.C.[Tomcat].[localhost].[/]       : Initializing Spring DispatcherServlet 'dispatcherServlet'
2023-10-26T09:13:35.896+05:30  INFO 22448 --- [http-nio-8090-exec-1] o.s.web.servlet.DispatcherServlet        : Initializing Servlet 'dispatcherServlet'
2023-10-26T09:13:35.897+05:30  INFO 22448 --- [http-nio-8090-exec-1] o.s.web.servlet.DispatcherServlet        : Completed initialization in 1 ms
2023-10-26T09:13:35.945+05:30  INFO 22448 --- [http-nio-8090-exec-1] com.merc.demo.service.EmployeeService    : 101
2023-10-26T09:13:35.945+05:30  WARN 22448 --- [http-nio-8090-exec-1] com.merc.demo.service.EmployeeService    : some warning
2023-10-26T09:13:35.945+05:30 ERROR 22448 --- [http-nio-8090-exec-1] com.merc.demo.service.EmployeeService    : some error
2023-10-26T09:13:38.109+05:30  INFO 22448 --- [http-nio-8090-exec-2] com.merc.demo.service.EmployeeService    : getAllEmployees
2023-10-26T09:13:38.109+05:30  WARN 22448 --- [http-nio-8090-exec-2] com.merc.demo.service.EmployeeService    : some warning
2023-10-26T09:13:38.109+05:30 ERROR 22448 --- [http-nio-8090-exec-2] com.merc.demo.service.EmployeeService    : some error
2023-10-26T09:13:49.525+05:30  INFO 22448 --- [http-nio-8090-exec-3] com.merc.demo.service.EmployeeService    : getAllEmployees
2023-10-26T09:13:49.525+05:30  WARN 22448 --- [http-nio-8090-exec-3] com.merc.demo.service.EmployeeService    : some warning
2023-10-26T09:13:49.525+05:30 ERROR 22448 --- [http-nio-8090-exec-3] com.merc.demo.service.EmployeeService    : some error
2023-10-26T09:13:49.957+05:30  INFO 22448 --- [http-nio-8090-exec-4] com.merc.demo.service.EmployeeService    : getAllEmployees
2023-10-26T09:13:49.957+05:30  WARN 22448 --- [http-nio-8090-exec-4] com.merc.demo.service.EmployeeService    : some warning
2023-10-26T09:13:49.957+05:30 ERROR 22448 --- [http-nio-8090-exec-4] com.merc.demo.service.EmployeeService    : some error
2023-10-26T09:13:50.253+05:30  INFO 22448 --- [http-nio-8090-exec-5] com.merc.demo.service.EmployeeService    : getAllEmployees
2023-10-26T09:13:50.255+05:30  WARN 22448 --- [http-nio-8090-exec-5] com.merc.demo.service.EmployeeService    : some warning
2023-10-26T09:13:50.255+05:30 ERROR 22448 --- [http-nio-8090-exec-5] com.merc.demo.service.EmployeeService    : some error
2023-10-26T09:13:50.482+05:30  INFO 22448 --- [http-nio-8090-exec-6] com.merc.demo.service.EmployeeService    : getAllEmployees
2023-10-26T09:13:50.482+05:30  WARN 22448 --- [http-nio-8090-exec-6] com.merc.demo.service.EmployeeService    : some warning
2023-10-26T09:13:50.482+05:30 ERROR 22448 --- [http-nio-8090-exec-6] com.merc.demo.service.EmployeeService    : some error
2023-10-26T09:13:50.685+05:30  INFO 22448 --- [http-nio-8090-exec-7] com.merc.demo.service.EmployeeService    : getAllEmployees
2023-10-26T09:13:50.685+05:30  WARN 22448 --- [http-nio-8090-exec-7] com.merc.demo.service.EmployeeService    : some warning
2023-10-26T09:13:50.685+05:30 ERROR 22448 --- [http-nio-8090-exec-7] com.merc.demo.service.EmployeeService    : some error
2023-10-26T09:13:52.456+05:30  INFO 22448 --- [http-nio-8090-exec-8] com.merc.demo.controller.Hello           : hi
2023-10-26T09:13:52.676+05:30  INFO 22448 --- [http-nio-8090-exec-9] com.merc.demo.controller.Hello           : hi
2023-10-26T09:13:52.870+05:30  INFO 22448 --- [http-nio-8090-exec-10] com.merc.demo.controller.Hello           : hi
2023-10-26T09:13:53.062+05:30  INFO 22448 --- [http-nio-8090-exec-1] com.merc.demo.controller.Hello           : hi
2023-10-26T09:13:53.255+05:30  INFO 22448 --- [http-nio-8090-exec-2] com.merc.demo.controller.Hello           : hi
2023-10-26T09:13:55.288+05:30  INFO 22448 --- [http-nio-8090-exec-3] com.merc.demo.service.EmployeeService    : 101
2023-10-26T09:13:55.288+05:30  WARN 22448 --- [http-nio-8090-exec-3] com.merc.demo.service.EmployeeService    : some warning
2023-10-26T09:13:55.288+05:30 ERROR 22448 --- [http-nio-8090-exec-3] com.merc.demo.service.EmployeeService    : some error
2023-10-26T09:13:55.479+05:30  INFO 22448 --- [http-nio-8090-exec-4] com.merc.demo.service.EmployeeService    : 101
2023-10-26T09:13:55.479+05:30  WARN 22448 --- [http-nio-8090-exec-4] com.merc.demo.service.EmployeeService    : some warning
2023-10-26T09:13:55.479+05:30 ERROR 22448 --- [http-nio-8090-exec-4] com.merc.demo.service.EmployeeService    : some error
2023-10-26T09:13:55.681+05:30  INFO 22448 --- [http-nio-8090-exec-5] com.merc.demo.service.EmployeeService    : 101
2023-10-26T09:13:55.681+05:30  WARN 22448 --- [http-nio-8090-exec-5] com.merc.demo.service.EmployeeService    : some warning
2023-10-26T09:13:55.682+05:30 ERROR 22448 --- [http-nio-8090-exec-5] com.merc.demo.service.EmployeeService    : some error
2023-10-26T09:13:55.868+05:30  INFO 22448 --- [http-nio-8090-exec-6] com.merc.demo.service.EmployeeService    : 101
2023-10-26T09:13:55.869+05:30  WARN 22448 --- [http-nio-8090-exec-6] com.merc.demo.service.EmployeeService    : some warning
2023-10-26T09:13:55.869+05:30 ERROR 22448 --- [http-nio-8090-exec-6] com.merc.demo.service.EmployeeService    : some error
2023-10-26T09:13:56.035+05:30  INFO 22448 --- [http-nio-8090-exec-7] com.merc.demo.service.EmployeeService    : 101
2023-10-26T09:13:56.036+05:30  WARN 22448 --- [http-nio-8090-exec-7] com.merc.demo.service.EmployeeService    : some warning
2023-10-26T09:13:56.036+05:30 ERROR 22448 --- [http-nio-8090-exec-7] com.merc.demo.service.EmployeeService    : some error
